# JRE version: OpenJDK Runtime Environment (8.0_152-b01) (build 1.8.0_152-release-915-b01)
# Java VM: OpenJDK 64-Bit Server VM (25.152-b01 mixed mode linux-amd64 compressed oops)
Heap:
 PSYoungGen      total 449536K, used 0K [0x00000000e0000000, 0x0000000100000000, 0x0000000100000000)
  eden space 407552K, 0% used [0x00000000e0000000,0x00000000e0000000,0x00000000f8e00000)
  from space 41984K, 0% used [0x00000000f8e00000,0x00000000f8e00000,0x00000000fb700000)
  to   space 68608K, 0% used [0x00000000fbd00000,0x00000000fbd00000,0x0000000100000000)
 ParOldGen       total 173568K, used 151950K [0x00000000a0000000, 0x00000000aa980000, 0x00000000e0000000)
  object space 173568K, 87% used [0x00000000a0000000,0x00000000a9463b08,0x00000000aa980000)
 Metaspace       used 83476K, capacity 87726K, committed 88664K, reserved 1126400K
  class space    used 10460K, capacity 11405K, committed 11648K, reserved 1048576K
GC Heap History (10 events):
Event: 3923.114 GC heap after
Heap after GC invocations=25 (full 4):
 PSYoungGen      total 383488K, used 16082K [0x00000000e0000000, 0x00000000fd500000, 0x0000000100000000)
  eden space 331264K, 0% used [0x00000000e0000000,0x00000000e0000000,0x00000000f4380000)
  from space 52224K, 30% used [0x00000000f4380000,0x00000000f5334888,0x00000000f7680000)
  to   space 49152K, 0% used [0x00000000fa500000,0x00000000fa500000,0x00000000fd500000)
 ParOldGen       total 173568K, used 90347K [0x00000000a0000000, 0x00000000aa980000, 0x00000000e0000000)
  object space 173568K, 52% used [0x00000000a0000000,0x00000000a583ae60,0x00000000aa980000)
 Metaspace       used 81053K, capacity 84882K, committed 86616K, reserved 1124352K
  class space    used 10340K, capacity 11207K, committed 11648K, reserved 1048576K
}
Event: 3944.452 GC heap before
{Heap before GC invocations=26 (full 4):
 PSYoungGen      total 383488K, used 347346K [0x00000000e0000000, 0x00000000fd500000, 0x0000000100000000)
  eden space 331264K, 100% used [0x00000000e0000000,0x00000000f4380000,0x00000000f4380000)
  from space 52224K, 30% used [0x00000000f4380000,0x00000000f5334888,0x00000000f7680000)
  to   space 49152K, 0% used [0x00000000fa500000,0x00000000fa500000,0x00000000fd500000)
 ParOldGen       total 173568K, used 90347K [0x00000000a0000000, 0x00000000aa980000, 0x00000000e0000000)
  object space 173568K, 52% used [0x00000000a0000000,0x00000000a583ae60,0x00000000aa980000)
 Metaspace       used 81456K, capacity 85310K, committed 86872K, reserved 1124352K
  class space    used 10363K, capacity 11217K, committed 11648K, reserved 1048576K
Event: 3944.483 GC heap after
Heap after GC invocations=26 (full 4):
 PSYoungGen      total 411648K, used 10290K [0x00000000e0000000, 0x00000000fc980000, 0x0000000100000000)
  eden space 374272K, 0% used [0x00000000e0000000,0x00000000e0000000,0x00000000f6d80000)
  from space 37376K, 27% used [0x00000000fa500000,0x00000000faf0cbc0,0x00000000fc980000)
  to   space 47104K, 0% used [0x00000000f6d80000,0x00000000f6d80000,0x00000000f9b80000)
 ParOldGen       total 173568K, used 90355K [0x00000000a0000000, 0x00000000aa980000, 0x00000000e0000000)
  object space 173568K, 52% used [0x00000000a0000000,0x00000000a583ce60,0x00000000aa980000)
 Metaspace       used 81456K, capacity 85310K, committed 86872K, reserved 1124352K
  class space    used 10363K, capacity 11217K, committed 11648K, reserved 1048576K
}
Event: 3952.285 GC heap before
{Heap before GC invocations=27 (full 4):
 PSYoungGen      total 411648K, used 384562K [0x00000000e0000000, 0x00000000fc980000, 0x0000000100000000)
  eden space 374272K, 100% used [0x00000000e0000000,0x00000000f6d80000,0x00000000f6d80000)
  from space 37376K, 27% used [0x00000000fa500000,0x00000000faf0cbc0,0x00000000fc980000)
  to   space 47104K, 0% used [0x00000000f6d80000,0x00000000f6d80000,0x00000000f9b80000)
 ParOldGen       total 173568K, used 90355K [0x00000000a0000000, 0x00000000aa980000, 0x00000000e0000000)
  object space 173568K, 52% used [0x00000000a0000000,0x00000000a583ce60,0x00000000aa980000)
 Metaspace       used 81584K, capacity 85586K, committed 87128K, reserved 1124352K
  class space    used 10384K, capacity 11253K, committed 11648K, reserved 1048576K
Event: 3952.299 GC heap after
Heap after GC invocations=27 (full 4):
 PSYoungGen      total 421376K, used 10786K [0x00000000e0000000, 0x00000000fec80000, 0x0000000100000000)
  eden space 374272K, 0% used [0x00000000e0000000,0x00000000e0000000,0x00000000f6d80000)
  from space 47104K, 22% used [0x00000000f6d80000,0x00000000f7808b60,0x00000000f9b80000)
  to   space 44544K, 0% used [0x00000000fc100000,0x00000000fc100000,0x00000000fec80000)
 ParOldGen       total 173568K, used 90363K [0x00000000a0000000, 0x00000000aa980000, 0x00000000e0000000)
  object space 173568K, 52% used [0x00000000a0000000,0x00000000a583ee60,0x00000000aa980000)
 Metaspace       used 81584K, capacity 85586K, committed 87128K, reserved 1124352K
  class space    used 10384K, capacity 11253K, committed 11648K, reserved 1048576K
}
Event: 4034.227 GC heap before
{Heap before GC invocations=28 (full 4):
 PSYoungGen      total 421376K, used 385058K [0x00000000e0000000, 0x00000000fec80000, 0x0000000100000000)
  eden space 374272K, 100% used [0x00000000e0000000,0x00000000f6d80000,0x00000000f6d80000)
  from space 47104K, 22% used [0x00000000f6d80000,0x00000000f7808b60,0x00000000f9b80000)
  to   space 44544K, 0% used [0x00000000fc100000,0x00000000fc100000,0x00000000fec80000)
 ParOldGen       total 173568K, used 90363K [0x00000000a0000000, 0x00000000aa980000, 0x00000000e0000000)
  object space 173568K, 52% used [0x00000000a0000000,0x00000000a583ee60,0x00000000aa980000)
 Metaspace       used 83387K, capacity 87716K, committed 88664K, reserved 1126400K
  class space    used 10464K, capacity 11414K, committed 11648K, reserved 1048576K
Event: 4034.909 GC heap after
Heap after GC invocations=28 (full 4):
 PSYoungGen      total 439296K, used 14130K [0x00000000e0000000, 0x00000000fe000000, 0x0000000100000000)
  eden space 407552K, 0% used [0x00000000e0000000,0x00000000e0000000,0x00000000f8e00000)
  from space 31744K, 44% used [0x00000000fc100000,0x00000000fceccbe0,0x00000000fe000000)
  to   space 41984K, 0% used [0x00000000f8e00000,0x00000000f8e00000,0x00000000fb700000)
 ParOldGen       total 173568K, used 90371K [0x00000000a0000000, 0x00000000aa980000, 0x00000000e0000000)
  object space 173568K, 52% used [0x00000000a0000000,0x00000000a5840e60,0x00000000aa980000)
 Metaspace       used 83387K, capacity 87716K, committed 88664K, reserved 1126400K
  class space    used 10464K, capacity 11414K, committed 11648K, reserved 1048576K
}
Event: 4041.823 GC heap before
{Heap before GC invocations=29 (full 4):
 PSYoungGen      total 439296K, used 421682K [0x00000000e0000000, 0x00000000fe000000, 0x0000000100000000)
  eden space 407552K, 100% used [0x00000000e0000000,0x00000000f8e00000,0x00000000f8e00000)
  from space 31744K, 44% used [0x00000000fc100000,0x00000000fceccbe0,0x00000000fe000000)
  to   space 41984K, 0% used [0x00000000f8e00000,0x00000000f8e00000,0x00000000fb700000)
 ParOldGen       total 173568K, used 90371K [0x00000000a0000000, 0x00000000aa980000, 0x00000000e0000000)
  object space 173568K, 52% used [0x00000000a0000000,0x00000000a5840e60,0x00000000aa980000)
 Metaspace       used 83513K, capacity 87786K, committed 88664K, reserved 1126400K
  class space    used 10466K, capacity 11415K, committed 11648K, reserved 1048576K
Event: 4041.960 GC heap after
Heap after GC invocations=29 (full 4):
 PSYoungGen      total 449536K, used 41955K [0x00000000e0000000, 0x0000000100000000, 0x0000000100000000)
  eden space 407552K, 0% used [0x00000000e0000000,0x00000000e0000000,0x00000000f8e00000)
  from space 41984K, 99% used [0x00000000f8e00000,0x00000000fb6f8ce0,0x00000000fb700000)
  to   space 68608K, 0% used [0x00000000fbd00000,0x00000000fbd00000,0x0000000100000000)
 ParOldGen       total 173568K, used 142057K [0x00000000a0000000, 0x00000000aa980000, 0x00000000e0000000)
  object space 173568K, 81% used [0x00000000a0000000,0x00000000a8aba4f0,0x00000000aa980000)
 Metaspace       used 83513K, capacity 87786K, committed 88664K, reserved 1126400K
  class space    used 10466K, capacity 11415K, committed 11648K, reserved 1048576K
}
Event: 4041.960 GC heap before
{Heap before GC invocations=30 (full 5):
 PSYoungGen      total 449536K, used 41955K [0x00000000e0000000, 0x0000000100000000, 0x0000000100000000)
  eden space 407552K, 0% used [0x00000000e0000000,0x00000000e0000000,0x00000000f8e00000)
  from space 41984K, 99% used [0x00000000f8e00000,0x00000000fb6f8ce0,0x00000000fb700000)
  to   space 68608K, 0% used [0x00000000fbd00000,0x00000000fbd00000,0x0000000100000000)
 ParOldGen       total 173568K, used 142057K [0x00000000a0000000, 0x00000000aa980000, 0x00000000e0000000)
  object space 173568K, 81% used [0x00000000a0000000,0x00000000a8aba4f0,0x00000000aa980000)
 Metaspace       used 83513K, capacity 87786K, committed 88664K, reserved 1126400K
  class space    used 10466K, capacity 11415K, committed 11648K, reserved 1048576K

